启动服务路径http://localhost:8082
启动服务路径http://localhost:8082
启动服务路径http://localhost:8082
启动服务路径http://localhost:8082
 DONE  Compiled successfully in 12804ms18:23:08
 DONE  Compiled successfully in 12883ms18:23:08
 DONE  Compiled successfully in 12816ms18:23:09


 DONE  Compiled successfully in 12947ms18:23:09


 DONE  Compiled successfully in 13734ms18:23:09
 DONE  Compiled successfully in 13832ms18:23:09

webpack built d4a478c277e7ada58982 in 13734ms

webpack built d4a478c277e7ada58982 in 13832ms
 DONE  Compiled successfully in 13736ms18:23:09

webpack built d4a478c277e7ada58982 in 13736ms
 DONE  Compiled successfully in 13868ms18:23:09

webpack built d4a478c277e7ada58982 in 13868ms
启动服务路径http://localhost:8082
启动服务路径http://localhost:8082
启动服务路径http://localhost:8082
启动服务路径http://localhost:8082
 DONE  Compiled successfully in 12935ms18:28:27
 DONE  Compiled successfully in 12978ms18:28:27
 DONE  Compiled successfully in 12829ms18:28:27


 DONE  Compiled successfully in 12954ms18:28:27


 DONE  Compiled successfully in 13741ms18:28:28

webpack built d4a478c277e7ada58982 in 13741ms
 DONE  Compiled successfully in 13817ms18:28:28

webpack built d4a478c277e7ada58982 in 13817ms
 DONE  Compiled successfully in 13660ms18:28:28

webpack built d4a478c277e7ada58982 in 13660ms
 DONE  Compiled successfully in 13744ms18:28:28

webpack built d4a478c277e7ada58982 in 13744ms
 WAIT  Compiling...18:30:17
 WAIT  Compiling...18:30:17
 WAIT  Compiling...18:30:17

 WAIT  Compiling...18:30:17

 WAIT  Compiling...18:30:17

 WAIT  Compiling...18:30:17


 WAIT  Compiling...18:30:17


 WAIT  Compiling...18:30:17

webpack building...
webpack building...
webpack building...
webpack building...
 DONE  Compiled successfully in 1891ms18:30:20
 DONE  Compiled successfully in 1928ms18:30:20
 DONE  Compiled successfully in 1967ms18:30:20
 DONE  Compiled successfully in 2214ms18:30:20

 DONE  Compiled successfully in 2214ms18:30:20

webpack built dae48cff4971e2ede38c in 2214ms


 DONE  Compiled successfully in 2247ms18:30:20

webpack built dae48cff4971e2ede38c in 2247ms

 DONE  Compiled successfully in 2258ms18:30:20

webpack built dae48cff4971e2ede38c in 2258ms
 DONE  Compiled successfully in 2274ms18:30:20

webpack built dae48cff4971e2ede38c in 2274ms
 WAIT  Compiling...18:31:09
 WAIT  Compiling...18:31:09

 WAIT  Compiling...18:31:09

 WAIT  Compiling...18:31:09

 WAIT  Compiling...18:31:09


 WAIT  Compiling...18:31:09

 WAIT  Compiling...18:31:09

 WAIT  Compiling...18:31:09

webpack building...
webpack building...
webpack building...
webpack building...
 DONE  Compiled successfully in 1715ms18:31:11
 DONE  Compiled successfully in 1729ms18:31:11
 DONE  Compiled successfully in 1805ms18:31:11
 DONE  Compiled successfully in 1859ms18:31:11

 DONE  Compiled successfully in 1908ms18:31:11

webpack built a8822bffc5d6b254acae in 1908ms


 DONE  Compiled successfully in 2007ms18:31:11

webpack built a8822bffc5d6b254acae in 2007ms
 DONE  Compiled successfully in 2027ms18:31:11

webpack built a8822bffc5d6b254acae in 2027ms

 DONE  Compiled successfully in 2084ms18:31:11

webpack built a8822bffc5d6b254acae in 2084ms
 WAIT  Compiling...18:31:26
 WAIT  Compiling...18:31:26
 WAIT  Compiling...18:31:26
 WAIT  Compiling...18:31:26

 WAIT  Compiling...18:31:26


 WAIT  Compiling...18:31:26


 WAIT  Compiling...18:31:26


 WAIT  Compiling...18:31:26

webpack building...
webpack building...
webpack building...
webpack building...
 DONE  Compiled successfully in 1322ms18:31:28
 DONE  Compiled successfully in 1326ms18:31:28
 DONE  Compiled successfully in 1357ms18:31:28
 DONE  Compiled successfully in 1542ms18:31:28


 DONE  Compiled successfully in 1576ms18:31:28

webpack built 506b48fe1e4d95952400 in 1576ms
 DONE  Compiled successfully in 1586ms18:31:28

webpack built 506b48fe1e4d95952400 in 1586ms


 DONE  Compiled successfully in 1606ms18:31:28

webpack built 506b48fe1e4d95952400 in 1606ms
 DONE  Compiled successfully in 1628ms18:31:28

webpack built 506b48fe1e4d95952400 in 1628ms
 WAIT  Compiling...18:31:31
 WAIT  Compiling...18:31:31
 WAIT  Compiling...18:31:31
 WAIT  Compiling...18:31:31

 WAIT  Compiling...18:31:31


 WAIT  Compiling...18:31:31


 WAIT  Compiling...18:31:31


 WAIT  Compiling...18:31:31

webpack building...
webpack building...
webpack building...
webpack building...
 DONE  Compiled successfully in 140ms18:31:31
 DONE  Compiled successfully in 149ms18:31:31
 DONE  Compiled successfully in 201ms18:31:32
 DONE  Compiled successfully in 206ms18:31:32

 DONE  Compiled successfully in 239ms18:31:32

webpack built 506b48fe1e4d95952400 in 239ms

 DONE  Compiled successfully in 242ms18:31:32

webpack built 506b48fe1e4d95952400 in 242ms

 DONE  Compiled successfully in 246ms18:31:32

webpack built 506b48fe1e4d95952400 in 246ms

 DONE  Compiled successfully in 280ms18:31:32

webpack built 506b48fe1e4d95952400 in 280ms
启动服务路径http://localhost:8082
启动服务路径http://localhost:8082
启动服务路径http://localhost:8082
启动服务路径http://localhost:8082
 DONE  Compiled successfully in 13283ms18:34:29
 DONE  Compiled successfully in 13348ms18:34:29

 DONE  Compiled successfully in 13380ms18:34:29


 DONE  Compiled successfully in 13493ms18:34:29

 DONE  Compiled successfully in 14115ms18:34:30

webpack built 6a839fd2a72ea7482c88 in 14115ms
 DONE  Compiled successfully in 14172ms18:34:30

webpack built 6a839fd2a72ea7482c88 in 14172ms
 DONE  Compiled successfully in 14179ms18:34:30

webpack built 6a839fd2a72ea7482c88 in 14179ms
 DONE  Compiled successfully in 14285ms18:34:30

webpack built 6a839fd2a72ea7482c88 in 14285ms
 WAIT  Compiling...18:34:49
 WAIT  Compiling...18:34:49
 WAIT  Compiling...18:34:49
 WAIT  Compiling...18:34:49

 WAIT  Compiling...18:34:49


 WAIT  Compiling...18:34:49


 WAIT  Compiling...18:34:49


 WAIT  Compiling...18:34:49

webpack building...
webpack building...
启动服务路径http://localhost:8082
启动服务路径http://localhost:8082
启动服务路径http://localhost:8082
启动服务路径http://localhost:8082
 DONE  Compiled successfully in 13648ms18:35:04
 DONE  Compiled successfully in 13708ms18:35:04
 DONE  Compiled successfully in 13699ms18:35:04

 WAIT  Compiling...18:35:04



 WAIT  Compiling...18:35:05

 WAIT  Compiling...18:35:05

 DONE  Compiled successfully in 13818ms18:35:05

 WAIT  Compiling...18:35:05

 DONE  Compiled successfully in 14700ms18:35:05
 DONE  Compiled successfully in 14698ms18:35:05
 DONE  Compiled successfully in 14713ms18:35:05

webpack built 385b00dfd50ccff5e501 in 14700ms
 WAIT  Compiling...18:35:05


webpack built 385b00dfd50ccff5e501 in 14698ms
 WAIT  Compiling...18:35:05


webpack built 385b00dfd50ccff5e501 in 14713ms
 WAIT  Compiling...18:35:05

 DONE  Compiled successfully in 170ms18:35:06
 DONE  Compiled successfully in 182ms18:35:06
 DONE  Compiled successfully in 150ms18:35:06

webpack building...

webpack building...

webpack building...
 DONE  Compiled successfully in 14916ms18:35:06
 DONE  Compiled successfully in 80ms18:35:06
 DONE  Compiled successfully in 81ms18:35:06
 DONE  Compiled successfully in 85ms18:35:06

webpack built 385b00dfd50ccff5e501 in 80ms

webpack built 385b00dfd50ccff5e501 in 81ms

webpack built 385b00dfd50ccff5e501 in 85ms

webpack built 385b00dfd50ccff5e501 in 14916ms
 WAIT  Compiling...18:35:06

 DONE  Compiled successfully in 145ms18:35:06

webpack building...
 DONE  Compiled successfully in 56ms18:35:06

webpack built 385b00dfd50ccff5e501 in 56ms
{ moduleName: 'demo', moduleIcon: '', moduleData: undefined }
 WAIT  Compiling...18:36:19
 WAIT  Compiling...18:36:19

 WAIT  Compiling...18:36:19

 WAIT  Compiling...18:36:19

 WAIT  Compiling...18:36:19

webpack building...
启动服务路径http://localhost:8082
启动服务路径http://localhost:8082
启动服务路径http://localhost:8082
启动服务路径http://localhost:8082
 DONE  Compiled successfully in 13495ms18:36:34
 DONE  Compiled successfully in 13508ms18:36:34
 DONE  Compiled successfully in 13533ms18:36:34

 WAIT  Compiling...18:36:34


 WAIT  Compiling...18:36:34


 DONE  Compiled successfully in 13690ms18:36:34
 WAIT  Compiling...18:36:34


 WAIT  Compiling...18:36:34

 DONE  Compiled successfully in 14429ms18:36:35

webpack built 65b0511a022739713a99 in 14429ms
 WAIT  Compiling...18:36:35

 DONE  Compiled successfully in 14464ms18:36:35
 DONE  Compiled successfully in 14426ms18:36:35

webpack built 65b0511a022739713a99 in 14464ms
 WAIT  Compiling...18:36:35


webpack built 65b0511a022739713a99 in 14426ms
 WAIT  Compiling...18:36:35

 DONE  Compiled successfully in 182ms18:36:35
 DONE  Compiled successfully in 14556ms18:36:35

webpack building...
 DONE  Compiled successfully in 156ms18:36:35

webpack built 65b0511a022739713a99 in 14556ms
 WAIT  Compiling...18:36:35

 DONE  Compiled successfully in 150ms18:36:35
 DONE  Compiled successfully in 68ms18:36:35

webpack building...

webpack building...

webpack built 65b0511a022739713a99 in 68ms
 DONE  Compiled successfully in 73ms18:36:35
 DONE  Compiled successfully in 66ms18:36:35

webpack built 65b0511a022739713a99 in 73ms

webpack built 65b0511a022739713a99 in 66ms
 DONE  Compiled successfully in 153ms18:36:35

webpack building...
 DONE  Compiled successfully in 62ms18:36:35

webpack built 65b0511a022739713a99 in 62ms
{ moduleName: 'demo', moduleIcon: '', moduleData: undefined }
